# JRE version: OpenJDK Runtime Environment (22.0.2+9) (build 22.0.2+9-70)
# Java VM: OpenJDK 64-Bit Server VM (22.0.2+9-70, mixed mode, sharing, tiered, compressed oops, compressed class ptrs, g1 gc, windows-amd64)
GC Precious Log:
 CardTable entry size: 512
 Card Set container configuration: InlinePtr #cards 5 size 8 Array Of Cards #cards 12 size 40 Howl #buckets 4 coarsen threshold 1843 Howl Bitmap #cards 512 size 80 coarsen threshold 460 Card regions per heap region 1 cards per card region 2048
 CPUs: 6 total, 6 available
 Memory: 7549M
 Large Page Support: Disabled
 NUMA Support: Disabled
 Compressed Oops: Enabled (32-bit)
 Heap Region Size: 1M
 Heap Min Capacity: 8M
 Heap Initial Capacity: 118M
 Heap Max Capacity: 1888M
 Pre-touch: Disabled
 Parallel Workers: 6
 Concurrent Workers: 2
 Concurrent Refinement Workers: 6
 Periodic GC: Disabled
Heap:
 garbage-first heap   total reserved 1933312K, committed 62464K, used 30217K [0x000000008a000000, 0x0000000100000000)
  region size 1024K, 7 young (7168K), 3 survivors (3072K)
 Metaspace       used 36350K, committed 36736K, reserved 1114112K
  class space    used 5015K, committed 5184K, reserved 1048576K
GC Heap History (12 events):
Event: 0.455 GC heap before
{Heap before GC invocations=0 (full 0):
 garbage-first heap   total reserved 1933312K, committed 120832K, used 23552K [0x000000008a000000, 0x0000000100000000)
  region size 1024K, 22 young (22528K), 0 survivors (0K)
 Metaspace       used 2739K, committed 2944K, reserved 1114112K
  class space    used 287K, committed 384K, reserved 1048576K
}
Event: 0.459 GC heap after
{Heap after GC invocations=1 (full 0):
 garbage-first heap   total reserved 1933312K, committed 120832K, used 6384K [0x000000008a000000, 0x0000000100000000)
  region size 1024K, 3 young (3072K), 3 survivors (3072K)
 Metaspace       used 2739K, committed 2944K, reserved 1114112K
  class space    used 287K, committed 384K, reserved 1048576K
}
Event: 0.856 GC heap before
{Heap before GC invocations=1 (full 0):
 garbage-first heap   total reserved 1933312K, committed 120832K, used 35056K [0x000000008a000000, 0x0000000100000000)
  region size 1024K, 32 young (32768K), 3 survivors (3072K)
 Metaspace       used 10403K, committed 10688K, reserved 1114112K
  class space    used 1430K, committed 1536K, reserved 1048576K
}
Event: 0.860 GC heap after
{Heap after GC invocations=2 (full 0):
 garbage-first heap   total reserved 1933312K, committed 120832K, used 10382K [0x000000008a000000, 0x0000000100000000)
  region size 1024K, 4 young (4096K), 4 survivors (4096K)
 Metaspace       used 10403K, committed 10688K, reserved 1114112K
  class space    used 1430K, committed 1536K, reserved 1048576K
}
Event: 1.177 GC heap before
{Heap before GC invocations=2 (full 0):
 garbage-first heap   total reserved 1933312K, committed 120832K, used 51342K [0x000000008a000000, 0x0000000100000000)
  region size 1024K, 46 young (47104K), 4 survivors (4096K)
 Metaspace       used 21237K, committed 21504K, reserved 1114112K
  class space    used 2997K, committed 3136K, reserved 1048576K
}
Event: 1.181 GC heap after
{Heap after GC invocations=3 (full 0):
 garbage-first heap   total reserved 1933312K, committed 120832K, used 14478K [0x000000008a000000, 0x0000000100000000)
  region size 1024K, 8 young (8192K), 8 survivors (8192K)
 Metaspace       used 21237K, committed 21504K, reserved 1114112K
  class space    used 2997K, committed 3136K, reserved 1048576K
}
Event: 2.006 GC heap before
{Heap before GC invocations=4 (full 0):
 garbage-first heap   total reserved 1933312K, committed 51200K, used 49294K [0x000000008a000000, 0x0000000100000000)
  region size 1024K, 36 young (36864K), 8 survivors (8192K)
 Metaspace       used 30696K, committed 31040K, reserved 1114112K
  class space    used 4206K, committed 4352K, reserved 1048576K
}
Event: 2.012 GC heap after
{Heap after GC invocations=5 (full 0):
 garbage-first heap   total reserved 1933312K, committed 62464K, used 24571K [0x000000008a000000, 0x0000000100000000)
  region size 1024K, 7 young (7168K), 7 survivors (7168K)
 Metaspace       used 30696K, committed 31040K, reserved 1114112K
  class space    used 4206K, committed 4352K, reserved 1048576K
}
Event: 14.145 GC heap before
{Heap before GC invocations=5 (full 0):
 garbage-first heap   total reserved 1933312K, committed 62464K, used 49147K [0x000000008a000000, 0x0000000100000000)
  region size 1024K, 31 young (31744K), 7 survivors (7168K)
 Metaspace       used 35283K, committed 35648K, reserved 1114112K
  class space    used 4884K, committed 5056K, reserved 1048576K
}
Event: 14.151 GC heap after
{Heap after GC invocations=6 (full 0):
 garbage-first heap   total reserved 1933312K, committed 62464K, used 26726K [0x000000008a000000, 0x0000000100000000)
  region size 1024K, 3 young (3072K), 3 survivors (3072K)
 Metaspace       used 35283K, committed 35648K, reserved 1114112K
  class space    used 4884K, committed 5056K, reserved 1048576K
}
Event: 27.887 GC heap before
{Heap before GC invocations=6 (full 0):
 garbage-first heap   total reserved 1933312K, committed 62464K, used 30822K [0x000000008a000000, 0x0000000100000000)
  region size 1024K, 8 young (8192K), 3 survivors (3072K)
 Metaspace       used 35929K, committed 36288K, reserved 1114112K
  class space    used 4974K, committed 5120K, reserved 1048576K
}
Event: 27.889 GC heap after
{Heap after GC invocations=7 (full 0):
 garbage-first heap   total reserved 1933312K, committed 62464K, used 27145K [0x000000008a000000, 0x0000000100000000)
  region size 1024K, 3 young (3072K), 3 survivors (3072K)
 Metaspace       used 35929K, committed 36288K, reserved 1114112K
  class space    used 4974K, committed 5120K, reserved 1048576K
}

